#
#  Sense HAT logging started: Sun Nov 24 22:10:08 2019 Logging a PixelEater run
#
@["Time", 1574629808.4269822, "MQ Pixel Eater Log Started"]
@["Pixel", 0, 7, [255, 255, 0]]
@["Pixel", 0, 6, [0, 0, 0]]
@["Pixel", 0, 5, [0, 0, 0]]
@["Pixel", 0, 4, [0, 0, 0]]
@["Pixel", 0, 3, [0, 0, 0]]
@["Pixel", 0, 2, [0, 0, 0]]
@["Pixel", 0, 1, [0, 0, 0]]
@["Pixel", 0, 0, [0, 0, 0]]
@["Pixel", 2, 6, [0, 0, 0]]
@["Pixel", 2, 5, [0, 0, 0]]
@["Pixel", 2, 4, [0, 0, 0]]
@["Pixel", 2, 3, [0, 0, 0]]
@["Pixel", 2, 2, [0, 0, 0]]
@["Pixel", 2, 1, [0, 0, 0]]
@["Pixel", 2, 0, [0, 0, 0]]
@["Pixel", 4, 6, [0, 0, 0]]
@["Pixel", 4, 5, [0, 0, 0]]
@["Pixel", 4, 4, [0, 0, 0]]
@["Pixel", 4, 3, [0, 0, 0]]
@["Pixel", 4, 2, [0, 0, 0]]
@["Pixel", 4, 1, [0, 0, 0]]
@["Pixel", 4, 0, [0, 0, 0]]
@["Pixel", 6, 6, [0, 0, 0]]
@["Pixel", 6, 5, [0, 0, 0]]
@["Pixel", 6, 4, [0, 0, 0]]
@["Pixel", 6, 3, [0, 0, 0]]
@["Pixel", 6, 2, [0, 0, 0]]
@["Pixel", 6, 1, [0, 0, 0]]
@["Pixel", 6, 0, [0, 0, 0]]
#
#  Sense HAT logging stopped: Sun Nov 24 22:10:24 2019 Done Logging
#
