#
#  Sense HAT logging started: Sun Nov 24 23:12:54 2019 Logging a PixelEater run
#
@["Time", 1574633574.2225542, "MQ Pixel Eater Log Started"]
@["Joystick", "up"]
@["Joystick", "up"]
@["Joystick", "up"]
@["Joystick", "up"]
@["Joystick", "up"]
@["Joystick", "up"]
@["Joystick", "up"]
@["Joystick", "right"]
@["Joystick", "right"]
@["Joystick", "right"]
@["Joystick", "right"]
@["Joystick", "right"]
@["Joystick", "right"]
@["Joystick", "right"]
@["Joystick", "down"]
@["Joystick", "down"]
@["Joystick", "down"]
@["Joystick", "down"]
@["Joystick", "down"]
@["Joystick", "down"]
@["Joystick", "down"]
@["Joystick", "left"]
@["Joystick", "left"]
@["Joystick", "left"]
@["Joystick", "left"]
@["Joystick", "left"]
@["Joystick", "left"]
@["Joystick", "up"]
@["Joystick", "up"]
@["Joystick", "up"]
@["Joystick", "up"]
@["Joystick", "up"]
@["Joystick", "up"]
@["Joystick", "right"]
@["Joystick", "right"]
@["Joystick", "right"]
@["Joystick", "right"]
@["Joystick", "right"]
@["Joystick", "down"]
@["Joystick", "down"]
@["Joystick", "down"]
@["Joystick", "down"]
@["Joystick", "down"]
@["Joystick", "left"]
@["Joystick", "left"]
@["Joystick", "left"]
@["Joystick", "left"]
@["Joystick", "up"]
@["Joystick", "up"]
@["Joystick", "up"]
@["Joystick", "up"]
@["Joystick", "right"]
@["Joystick", "right"]
@["Joystick", "right"]
@["Joystick", "down"]
@["Joystick", "down"]
@["Joystick", "down"]
@["Joystick", "left"]
@["Joystick", "left"]
@["Joystick", "up"]
@["Joystick", "up"]
@["Joystick", "right"]
@["Joystick", "down"]
#
#  Sense HAT logging stopped: Sun Nov 24 23:13:10 2019 Done Logging
#
