#
#  Sense HAT logging started: Wed Nov 27 13:24:20 2019 Logging a PixelEater run
#
@["Time", 1574857460.223818, "MQ Pixel Eater Log Started"]
@["Pixel", 0, 7, [255, 255, 0]]
@["Joystick", "up"]
@["Joystick", "up"]
@["Joystick", "up"]
@["Joystick", "up"]
@["Joystick", "up"]
@["Joystick", "up"]
@["Joystick", "up"]
@["Joystick", "right"]
@["Joystick", "right"]
@["Joystick", "right"]
@["Joystick", "right"]
@["Joystick", "right"]
@["Joystick", "right"]
@["Joystick", "right"]
@["Joystick", "down"]
@["Joystick", "down"]
@["Joystick", "down"]
@["Joystick", "down"]
@["Joystick", "down"]
@["Joystick", "down"]
@["Joystick", "down"]
@["Joystick", "left"]
@["Joystick", "left"]
@["Joystick", "left"]
@["Joystick", "left"]
@["Joystick", "left"]
@["Joystick", "left"]
@["Joystick", "up"]
@["Joystick", "up"]
@["Joystick", "up"]
@["Joystick", "up"]
@["Joystick", "up"]
@["Joystick", "up"]
@["Joystick", "right"]
@["Joystick", "right"]
@["Joystick", "right"]
@["Joystick", "right"]
@["Joystick", "right"]
@["Joystick", "down"]
@["Joystick", "down"]
@["Joystick", "down"]
@["Joystick", "down"]
@["Joystick", "down"]
@["Joystick", "left"]
@["Joystick", "left"]
@["Joystick", "left"]
@["Joystick", "left"]
@["Joystick", "up"]
@["Joystick", "up"]
@["Joystick", "up"]
@["Joystick", "up"]
@["Joystick", "right"]
@["Joystick", "right"]
@["Joystick", "right"]
@["Joystick", "down"]
@["Joystick", "down"]
@["Joystick", "down"]
@["Joystick", "left"]
@["Joystick", "left"]
@["Joystick", "up"]
@["Joystick", "up"]
@["Joystick", "right"]
@["Joystick", "down"]
#
#  Sense HAT logging stopped: Wed Nov 27 13:25:33 2019 Done Logging
#
